<?xml version="1.0" encoding="UTF-8"?>
<testsuite name="com.example.its.ItsApplicationTests" tests="1" skipped="0" failures="0" errors="0" timestamp="2022-02-10T01:04:13" hostname="tamurakaiseis-MacBook-Air.local" time="1.069">
  <properties/>
  <testcase name="contextLoads()" classname="com.example.its.ItsApplicationTests" time="1.069"/>
  <system-out><![CDATA[10:04:05.824 [Test worker] DEBUG org.springframework.test.context.BootstrapUtils - Instantiating CacheAwareContextLoaderDelegate from class [org.springframework.test.context.cache.DefaultCacheAwareContextLoaderDelegate]
10:04:05.869 [Test worker] DEBUG org.springframework.test.context.BootstrapUtils - Instantiating BootstrapContext using constructor [public org.springframework.test.context.support.DefaultBootstrapContext(java.lang.Class,org.springframework.test.context.CacheAwareContextLoaderDelegate)]
10:04:05.970 [Test worker] DEBUG org.springframework.test.context.BootstrapUtils - Instantiating TestContextBootstrapper for test class [com.example.its.ItsApplicationTests] from class [org.springframework.boot.test.context.SpringBootTestContextBootstrapper]
10:04:06.017 [Test worker] INFO org.springframework.boot.test.context.SpringBootTestContextBootstrapper - Neither @ContextConfiguration nor @ContextHierarchy found for test class [com.example.its.ItsApplicationTests], using SpringBootContextLoader
10:04:06.030 [Test worker] DEBUG org.springframework.test.context.support.AbstractContextLoader - Did not detect default resource location for test class [com.example.its.ItsApplicationTests]: class path resource [com/example/its/ItsApplicationTests-context.xml] does not exist
10:04:06.032 [Test worker] DEBUG org.springframework.test.context.support.AbstractContextLoader - Did not detect default resource location for test class [com.example.its.ItsApplicationTests]: class path resource [com/example/its/ItsApplicationTestsContext.groovy] does not exist
10:04:06.032 [Test worker] INFO org.springframework.test.context.support.AbstractContextLoader - Could not detect default resource locations for test class [com.example.its.ItsApplicationTests]: no resource found for suffixes {-context.xml, Context.groovy}.
10:04:06.034 [Test worker] INFO org.springframework.test.context.support.AnnotationConfigContextLoaderUtils - Could not detect default configuration classes for test class [com.example.its.ItsApplicationTests]: ItsApplicationTests does not declare any static, non-private, non-final, nested classes annotated with @Configuration.
10:04:06.173 [Test worker] DEBUG org.springframework.test.context.support.ActiveProfilesUtils - Could not find an 'annotation declaring class' for annotation type [org.springframework.test.context.ActiveProfiles] and class [com.example.its.ItsApplicationTests]
10:04:06.365 [Test worker] DEBUG org.springframework.context.annotation.ClassPathScanningCandidateComponentProvider - Identified candidate component class: file [/Users/kaisei/Desktop/JAVAファイル/poco-tech-spring-boot-54fa10ab734c2e087d7a61e9ee850b76a7377f11/build/classes/java/main/com/example/its/ItsApplication.class]
10:04:06.367 [Test worker] INFO org.springframework.boot.test.context.SpringBootTestContextBootstrapper - Found @SpringBootConfiguration com.example.its.ItsApplication for test class com.example.its.ItsApplicationTests
10:04:06.694 [Test worker] DEBUG org.springframework.boot.test.context.SpringBootTestContextBootstrapper - @TestExecutionListeners is not present for class [com.example.its.ItsApplicationTests]: using defaults.
10:04:06.695 [Test worker] INFO org.springframework.boot.test.context.SpringBootTestContextBootstrapper - Loaded default TestExecutionListener class names from location [META-INF/spring.factories]: [org.springframework.security.test.context.support.WithSecurityContextTestExecutionListener, org.springframework.security.test.context.support.ReactorContextTestExecutionListener, org.springframework.boot.test.autoconfigure.restdocs.RestDocsTestExecutionListener, org.springframework.boot.test.autoconfigure.web.client.MockRestServiceServerResetTestExecutionListener, org.springframework.boot.test.autoconfigure.web.servlet.MockMvcPrintOnlyOnFailureTestExecutionListener, org.springframework.boot.test.autoconfigure.web.servlet.WebDriverTestExecutionListener, org.springframework.boot.test.autoconfigure.webservices.client.MockWebServiceServerTestExecutionListener, org.springframework.boot.test.mock.mockito.MockitoTestExecutionListener, org.springframework.boot.test.mock.mockito.ResetMocksTestExecutionListener, org.springframework.test.context.web.ServletTestExecutionListener, org.springframework.test.context.support.DirtiesContextBeforeModesTestExecutionListener, org.springframework.test.context.event.ApplicationEventsTestExecutionListener, org.springframework.test.context.support.DependencyInjectionTestExecutionListener, org.springframework.test.context.support.DirtiesContextTestExecutionListener, org.springframework.test.context.transaction.TransactionalTestExecutionListener, org.springframework.test.context.jdbc.SqlScriptsTestExecutionListener, org.springframework.test.context.event.EventPublishingTestExecutionListener]
10:04:06.772 [Test worker] INFO org.springframework.boot.test.context.SpringBootTestContextBootstrapper - Using TestExecutionListeners: [org.springframework.test.context.web.ServletTestExecutionListener@14b030a0, org.springframework.test.context.support.DirtiesContextBeforeModesTestExecutionListener@41e350f1, org.springframework.test.context.event.ApplicationEventsTestExecutionListener@422c3c7a, org.springframework.boot.test.mock.mockito.MockitoTestExecutionListener@18230356, org.springframework.boot.test.autoconfigure.SpringBootDependencyInjectionTestExecutionListener@d8305c2, org.springframework.test.context.support.DirtiesContextTestExecutionListener@56bca85b, org.springframework.test.context.transaction.TransactionalTestExecutionListener@75d0911a, org.springframework.test.context.jdbc.SqlScriptsTestExecutionListener@75e91545, org.springframework.security.test.context.support.WithSecurityContextTestExecutionListener@60d1a32f, org.springframework.test.context.event.EventPublishingTestExecutionListener@531c311e, org.springframework.security.test.context.support.ReactorContextTestExecutionListener@22b53226, org.springframework.boot.test.autoconfigure.restdocs.RestDocsTestExecutionListener@1fcb4808, org.springframework.boot.test.autoconfigure.web.client.MockRestServiceServerResetTestExecutionListener@726e5805, org.springframework.boot.test.autoconfigure.web.servlet.MockMvcPrintOnlyOnFailureTestExecutionListener@40c80397, org.springframework.boot.test.autoconfigure.web.servlet.WebDriverTestExecutionListener@4b672daa, org.springframework.boot.test.autoconfigure.webservices.client.MockWebServiceServerTestExecutionListener@ea9b7c6, org.springframework.boot.test.mock.mockito.ResetMocksTestExecutionListener@e077866]
10:04:06.784 [Test worker] DEBUG org.springframework.test.context.support.AbstractDirtiesContextTestExecutionListener - Before test class: context [DefaultTestContext@47db5fa5 testClass = ItsApplicationTests, testInstance = [null], testMethod = [null], testException = [null], mergedContextConfiguration = [WebMergedContextConfiguration@354fc8f0 testClass = ItsApplicationTests, locations = '{}', classes = '{class com.example.its.ItsApplication}', contextInitializerClasses = '[]', activeProfiles = '{}', propertySourceLocations = '{}', propertySourceProperties = '{org.springframework.boot.test.context.SpringBootTestContextBootstrapper=true}', contextCustomizers = set[org.springframework.boot.test.autoconfigure.actuate.metrics.MetricsExportContextCustomizerFactory$DisableMetricExportContextCustomizer@3148f668, org.springframework.boot.test.autoconfigure.properties.PropertyMappingContextCustomizer@0, org.springframework.boot.test.autoconfigure.web.servlet.WebDriverContextCustomizerFactory$Customizer@6f7923a5, org.springframework.boot.test.context.filter.ExcludeFilterContextCustomizer@20ca951f, org.springframework.boot.test.json.DuplicateJsonObjectContextCustomizerFactory$DuplicateJsonObjectContextCustomizer@1838ccb8, org.springframework.boot.test.mock.mockito.MockitoContextCustomizer@0, org.springframework.boot.test.web.client.TestRestTemplateContextCustomizer@36a5cabc, org.springframework.boot.test.context.SpringBootTestArgs@1, org.springframework.boot.test.context.SpringBootTestWebEnvironment@5b94b04d], resourceBasePath = 'src/main/webapp', contextLoader = 'org.springframework.boot.test.context.SpringBootContextLoader', parent = [null]], attributes = map['org.springframework.test.context.web.ServletTestExecutionListener.activateListener' -> true]], class annotated with @DirtiesContext [false] with mode [null].
10:04:06.885 [Test worker] DEBUG org.springframework.test.context.support.TestPropertySourceUtils - Adding inlined properties to environment: {spring.jmx.enabled=false, org.springframework.boot.test.context.SpringBootTestContextBootstrapper=true}

  .   ____          _            __ _ _
 /\\ / ___'_ __ _ _(_)_ __  __ _ \ \ \ \
( ( )\___ | '_ | '_| | '_ \/ _` | \ \ \ \
 \\/  ___)| |_)| | | | | || (_| |  ) ) ) )
  '  |____| .__|_| |_|_| |_\__, | / / / /
 =========|_|==============|___/=/_/_/_/
 :: Spring Boot ::                (v2.5.6)

2022-02-10 10:04:07.530  INFO 55137 --- [    Test worker] com.example.its.ItsApplicationTests      : Starting ItsApplicationTests using Java 17.0.1 on tamurakaiseis-MacBook-Air.local with PID 55137 (started by kaisei in /Users/kaisei/Desktop/JAVAファイル/poco-tech-spring-boot-54fa10ab734c2e087d7a61e9ee850b76a7377f11)
2022-02-10 10:04:07.535  INFO 55137 --- [    Test worker] com.example.its.ItsApplicationTests      : No active profile set, falling back to default profiles: default
2022-02-10 10:04:11.458  INFO 55137 --- [    Test worker] o.s.b.a.w.s.WelcomePageHandlerMapping    : Adding welcome page template: index
2022-02-10 10:04:11.998  INFO 55137 --- [    Test worker] o.s.s.web.DefaultSecurityFilterChain     : Will secure any request with [org.springframework.security.web.context.request.async.WebAsyncManagerIntegrationFilter@251d7fdd, org.springframework.security.web.context.SecurityContextPersistenceFilter@5d1d9d73, org.springframework.security.web.header.HeaderWriterFilter@1f129467, org.springframework.security.web.csrf.CsrfFilter@3757e8e2, org.springframework.security.web.authentication.logout.LogoutFilter@41def031, org.springframework.security.web.authentication.UsernamePasswordAuthenticationFilter@7a04f730, org.springframework.security.web.savedrequest.RequestCacheAwareFilter@6c742b84, org.springframework.security.web.servletapi.SecurityContextHolderAwareRequestFilter@7a84788f, org.springframework.security.web.authentication.AnonymousAuthenticationFilter@78e68401, org.springframework.security.web.session.SessionManagementFilter@26457986, org.springframework.security.web.access.ExceptionTranslationFilter@46a123e4, org.springframework.security.web.access.intercept.FilterSecurityInterceptor@4a216eb4]
2022-02-10 10:04:12.829  INFO 55137 --- [    Test worker] com.zaxxer.hikari.HikariDataSource       : HikariPool-1 - Starting...
2022-02-10 10:04:13.227  INFO 55137 --- [    Test worker] com.zaxxer.hikari.HikariDataSource       : HikariPool-1 - Start completed.
2022-02-10 10:04:13.522  INFO 55137 --- [    Test worker] com.example.its.ItsApplicationTests      : Started ItsApplicationTests in 6.615 seconds (JVM running for 10.116)
]]></system-out>
  <system-err><![CDATA[]]></system-err>
</testsuite>
